# JRE version: OpenJDK Runtime Environment Temurin-21.0.8+9 (21.0.8+9) (build 21.0.8+9-LTS)
# Java VM: OpenJDK 64-Bit Server VM Temurin-21.0.8+9 (21.0.8+9-LTS, mixed mode, sharing, tiered, compressed oops, compressed class ptrs, parallel gc, windows-amd64)
GC Precious Log:
 CardTable entry size: 512
 CPUs: 4 total, 4 available
 Memory: 8101M
 Large Page Support: Disabled
 NUMA Support: Disabled
 Compressed Oops: Enabled (32-bit)
 Alignments: Space 512K, Generation 512K, Heap 2M
 Heap Min Capacity: 100M
 Heap Initial Capacity: 100M
 Heap Max Capacity: 2G
 Pre-touch: Disabled
 Parallel Workers: 4
Heap:
 PSYoungGen      total 4608K, used 4608K [0x00000000d5580000, 0x00000000d6480000, 0x0000000100000000)
  eden space 2048K, 100% used [0x00000000d5580000,0x00000000d5780000,0x00000000d5780000)
  from space 2560K, 100% used [0x00000000d5d00000,0x00000000d5f80000,0x00000000d5f80000)
  to   space 5632K, 30% used [0x00000000d5780000,0x00000000d5929800,0x00000000d5d00000)
 ParOldGen       total 603136K, used 603133K [0x0000000080000000, 0x00000000a4d00000, 0x00000000d5580000)
  object space 603136K, 99% used [0x0000000080000000,0x00000000a4cff5a8,0x00000000a4d00000)
 Metaspace       used 102195K, committed 104000K, reserved 1179648K
  class space    used 10314K, committed 11072K, reserved 1048576K
GC Heap History (20 events):
Event: 7347.108 GC heap after
{Heap after GC invocations=3785 (full 11):
 PSYoungGen      total 2048K, used 224K [0x00000000d5580000, 0x00000000d5e80000, 0x0000000100000000)
  eden space 1536K, 0% used [0x00000000d5580000,0x00000000d5580000,0x00000000d5700000)
  from space 512K, 43% used [0x00000000d5e00000,0x00000000d5e38000,0x00000000d5e80000)
  to   space 512K, 0% used [0x00000000d5d80000,0x00000000d5d80000,0x00000000d5e00000)
 ParOldGen       total 565760K, used 565531K [0x0000000080000000, 0x00000000a2880000, 0x00000000d5580000)
  object space 565760K, 99% used [0x0000000080000000,0x00000000a2846e30,0x00000000a2880000)
 Metaspace       used 102193K, committed 103936K, reserved 1179648K
  class space    used 10314K, committed 11072K, reserved 1048576K
}
Event: 7347.128 GC heap before
{Heap before GC invocations=3786 (full 11):
 PSYoungGen      total 2048K, used 1760K [0x00000000d5580000, 0x00000000d5e80000, 0x0000000100000000)
  eden space 1536K, 100% used [0x00000000d5580000,0x00000000d5700000,0x00000000d5700000)
  from space 512K, 43% used [0x00000000d5e00000,0x00000000d5e38000,0x00000000d5e80000)
  to   space 512K, 0% used [0x00000000d5d80000,0x00000000d5d80000,0x00000000d5e00000)
 ParOldGen       total 565760K, used 565531K [0x0000000080000000, 0x00000000a2880000, 0x00000000d5580000)
  object space 565760K, 99% used [0x0000000080000000,0x00000000a2846e30,0x00000000a2880000)
 Metaspace       used 102193K, committed 103936K, reserved 1179648K
  class space    used 10314K, committed 11072K, reserved 1048576K
}
Event: 7347.131 GC heap after
{Heap after GC invocations=3786 (full 11):
 PSYoungGen      total 2048K, used 318K [0x00000000d5580000, 0x00000000d5e80000, 0x0000000100000000)
  eden space 1536K, 0% used [0x00000000d5580000,0x00000000d5580000,0x00000000d5700000)
  from space 512K, 62% used [0x00000000d5d80000,0x00000000d5dcfa00,0x00000000d5e00000)
  to   space 512K, 0% used [0x00000000d5e00000,0x00000000d5e00000,0x00000000d5e80000)
 ParOldGen       total 565760K, used 565715K [0x0000000080000000, 0x00000000a2880000, 0x00000000d5580000)
  object space 565760K, 99% used [0x0000000080000000,0x00000000a2874f48,0x00000000a2880000)
 Metaspace       used 102193K, committed 103936K, reserved 1179648K
  class space    used 10314K, committed 11072K, reserved 1048576K
}
Event: 7347.144 GC heap before
{Heap before GC invocations=3787 (full 11):
 PSYoungGen      total 2048K, used 1854K [0x00000000d5580000, 0x00000000d5e80000, 0x0000000100000000)
  eden space 1536K, 99% used [0x00000000d5580000,0x00000000d56fffb8,0x00000000d5700000)
  from space 512K, 62% used [0x00000000d5d80000,0x00000000d5dcfa00,0x00000000d5e00000)
  to   space 512K, 0% used [0x00000000d5e00000,0x00000000d5e00000,0x00000000d5e80000)
 ParOldGen       total 565760K, used 565715K [0x0000000080000000, 0x00000000a2880000, 0x00000000d5580000)
  object space 565760K, 99% used [0x0000000080000000,0x00000000a2874f48,0x00000000a2880000)
 Metaspace       used 102193K, committed 103936K, reserved 1179648K
  class space    used 10314K, committed 11072K, reserved 1048576K
}
Event: 7347.147 GC heap after
{Heap after GC invocations=3787 (full 11):
 PSYoungGen      total 2048K, used 384K [0x00000000d5580000, 0x00000000d5e80000, 0x0000000100000000)
  eden space 1536K, 0% used [0x00000000d5580000,0x00000000d5580000,0x00000000d5700000)
  from space 512K, 75% used [0x00000000d5e00000,0x00000000d5e60000,0x00000000d5e80000)
  to   space 512K, 0% used [0x00000000d5d80000,0x00000000d5d80000,0x00000000d5e00000)
 ParOldGen       total 566272K, used 565888K [0x0000000080000000, 0x00000000a2900000, 0x00000000d5580000)
  object space 566272K, 99% used [0x0000000080000000,0x00000000a28a0158,0x00000000a2900000)
 Metaspace       used 102193K, committed 103936K, reserved 1179648K
  class space    used 10314K, committed 11072K, reserved 1048576K
}
Event: 7347.149 GC heap before
{Heap before GC invocations=3788 (full 11):
 PSYoungGen      total 2048K, used 1920K [0x00000000d5580000, 0x00000000d5e80000, 0x0000000100000000)
  eden space 1536K, 100% used [0x00000000d5580000,0x00000000d5700000,0x00000000d5700000)
  from space 512K, 75% used [0x00000000d5e00000,0x00000000d5e60000,0x00000000d5e80000)
  to   space 512K, 0% used [0x00000000d5d80000,0x00000000d5d80000,0x00000000d5e00000)
 ParOldGen       total 566272K, used 565888K [0x0000000080000000, 0x00000000a2900000, 0x00000000d5580000)
  object space 566272K, 99% used [0x0000000080000000,0x00000000a28a0158,0x00000000a2900000)
 Metaspace       used 102193K, committed 103936K, reserved 1179648K
  class space    used 10314K, committed 11072K, reserved 1048576K
}
Event: 7347.152 GC heap after
{Heap after GC invocations=3788 (full 11):
 PSYoungGen      total 2560K, used 256K [0x00000000d5580000, 0x00000000d5e80000, 0x0000000100000000)
  eden space 2048K, 0% used [0x00000000d5580000,0x00000000d5580000,0x00000000d5780000)
  from space 512K, 50% used [0x00000000d5d80000,0x00000000d5dc0000,0x00000000d5e00000)
  to   space 512K, 0% used [0x00000000d5e00000,0x00000000d5e00000,0x00000000d5e80000)
 ParOldGen       total 566272K, used 566200K [0x0000000080000000, 0x00000000a2900000, 0x00000000d5580000)
  object space 566272K, 99% used [0x0000000080000000,0x00000000a28ee158,0x00000000a2900000)
 Metaspace       used 102193K, committed 103936K, reserved 1179648K
  class space    used 10314K, committed 11072K, reserved 1048576K
}
Event: 7347.160 GC heap before
{Heap before GC invocations=3789 (full 11):
 PSYoungGen      total 2560K, used 2304K [0x00000000d5580000, 0x00000000d5e80000, 0x0000000100000000)
  eden space 2048K, 100% used [0x00000000d5580000,0x00000000d5780000,0x00000000d5780000)
  from space 512K, 50% used [0x00000000d5d80000,0x00000000d5dc0000,0x00000000d5e00000)
  to   space 512K, 0% used [0x00000000d5e00000,0x00000000d5e00000,0x00000000d5e80000)
 ParOldGen       total 566272K, used 566200K [0x0000000080000000, 0x00000000a2900000, 0x00000000d5580000)
  object space 566272K, 99% used [0x0000000080000000,0x00000000a28ee158,0x00000000a2900000)
 Metaspace       used 102193K, committed 103936K, reserved 1179648K
  class space    used 10314K, committed 11072K, reserved 1048576K
}
Event: 7347.164 GC heap after
{Heap after GC invocations=3789 (full 11):
 PSYoungGen      total 3072K, used 416K [0x00000000d5580000, 0x00000000d5e80000, 0x0000000100000000)
  eden space 2560K, 0% used [0x00000000d5580000,0x00000000d5580000,0x00000000d5800000)
  from space 512K, 81% used [0x00000000d5e00000,0x00000000d5e68000,0x00000000d5e80000)
  to   space 512K, 0% used [0x00000000d5d80000,0x00000000d5d80000,0x00000000d5e00000)
 ParOldGen       total 566784K, used 566368K [0x0000000080000000, 0x00000000a2980000, 0x00000000d5580000)
  object space 566784K, 99% used [0x0000000080000000,0x00000000a2918168,0x00000000a2980000)
 Metaspace       used 102193K, committed 103936K, reserved 1179648K
  class space    used 10314K, committed 11072K, reserved 1048576K
}
Event: 7347.170 GC heap before
{Heap before GC invocations=3790 (full 11):
 PSYoungGen      total 3072K, used 2976K [0x00000000d5580000, 0x00000000d5e80000, 0x0000000100000000)
  eden space 2560K, 100% used [0x00000000d5580000,0x00000000d5800000,0x00000000d5800000)
  from space 512K, 81% used [0x00000000d5e00000,0x00000000d5e68000,0x00000000d5e80000)
  to   space 512K, 0% used [0x00000000d5d80000,0x00000000d5d80000,0x00000000d5e00000)
 ParOldGen       total 566784K, used 566368K [0x0000000080000000, 0x00000000a2980000, 0x00000000d5580000)
  object space 566784K, 99% used [0x0000000080000000,0x00000000a2918168,0x00000000a2980000)
 Metaspace       used 102193K, committed 103936K, reserved 1179648K
  class space    used 10314K, committed 11072K, reserved 1048576K
}
Event: 7347.175 GC heap after
{Heap after GC invocations=3790 (full 11):
 PSYoungGen      total 3584K, used 224K [0x00000000d5580000, 0x00000000d5e80000, 0x0000000100000000)
  eden space 3072K, 0% used [0x00000000d5580000,0x00000000d5580000,0x00000000d5880000)
  from space 512K, 43% used [0x00000000d5d80000,0x00000000d5db8000,0x00000000d5e00000)
  to   space 512K, 0% used [0x00000000d5e00000,0x00000000d5e00000,0x00000000d5e80000)
 ParOldGen       total 566784K, used 566716K [0x0000000080000000, 0x00000000a2980000, 0x00000000d5580000)
  object space 566784K, 99% used [0x0000000080000000,0x00000000a296f0a0,0x00000000a2980000)
 Metaspace       used 102193K, committed 103936K, reserved 1179648K
  class space    used 10314K, committed 11072K, reserved 1048576K
}
Event: 7347.280 GC heap before
{Heap before GC invocations=3791 (full 11):
 PSYoungGen      total 3584K, used 3296K [0x00000000d5580000, 0x00000000d5e80000, 0x0000000100000000)
  eden space 3072K, 100% used [0x00000000d5580000,0x00000000d5880000,0x00000000d5880000)
  from space 512K, 43% used [0x00000000d5d80000,0x00000000d5db8000,0x00000000d5e00000)
  to   space 512K, 0% used [0x00000000d5e00000,0x00000000d5e00000,0x00000000d5e80000)
 ParOldGen       total 566784K, used 566716K [0x0000000080000000, 0x00000000a2980000, 0x00000000d5580000)
  object space 566784K, 99% used [0x0000000080000000,0x00000000a296f0a0,0x00000000a2980000)
 Metaspace       used 102193K, committed 103936K, reserved 1179648K
  class space    used 10314K, committed 11072K, reserved 1048576K
}
Event: 7347.282 GC heap after
{Heap after GC invocations=3791 (full 11):
 PSYoungGen      total 4608K, used 512K [0x00000000d5580000, 0x00000000d5e80000, 0x0000000100000000)
  eden space 4096K, 0% used [0x00000000d5580000,0x00000000d5580000,0x00000000d5980000)
  from space 512K, 100% used [0x00000000d5e00000,0x00000000d5e80000,0x00000000d5e80000)
  to   space 1536K, 0% used [0x00000000d5b80000,0x00000000d5b80000,0x00000000d5d00000)
 ParOldGen       total 567296K, used 567284K [0x0000000080000000, 0x00000000a2a00000, 0x00000000d5580000)
  object space 567296K, 99% used [0x0000000080000000,0x00000000a29fd300,0x00000000a2a00000)
 Metaspace       used 102193K, committed 103936K, reserved 1179648K
  class space    used 10314K, committed 11072K, reserved 1048576K
}
Event: 7347.368 GC heap before
{Heap before GC invocations=3792 (full 11):
 PSYoungGen      total 4608K, used 4608K [0x00000000d5580000, 0x00000000d5e80000, 0x0000000100000000)
  eden space 4096K, 100% used [0x00000000d5580000,0x00000000d5980000,0x00000000d5980000)
  from space 512K, 100% used [0x00000000d5e00000,0x00000000d5e80000,0x00000000d5e80000)
  to   space 1536K, 0% used [0x00000000d5b80000,0x00000000d5b80000,0x00000000d5d00000)
 ParOldGen       total 599040K, used 598004K [0x0000000080000000, 0x00000000a4900000, 0x00000000d5580000)
  object space 599040K, 99% used [0x0000000080000000,0x00000000a47fd330,0x00000000a4900000)
 Metaspace       used 102195K, committed 104000K, reserved 1179648K
  class space    used 10314K, committed 11072K, reserved 1048576K
}
Event: 7347.372 GC heap after
{Heap after GC invocations=3792 (full 11):
 PSYoungGen      total 5632K, used 1536K [0x00000000d5580000, 0x00000000d5f80000, 0x0000000100000000)
  eden space 4096K, 0% used [0x00000000d5580000,0x00000000d5580000,0x00000000d5980000)
  from space 1536K, 100% used [0x00000000d5b80000,0x00000000d5d00000,0x00000000d5d00000)
  to   space 2560K, 0% used [0x00000000d5d00000,0x00000000d5d00000,0x00000000d5f80000)
 ParOldGen       total 599040K, used 598887K [0x0000000080000000, 0x00000000a4900000, 0x00000000d5580000)
  object space 599040K, 99% used [0x0000000080000000,0x00000000a48d9e28,0x00000000a4900000)
 Metaspace       used 102195K, committed 104000K, reserved 1179648K
  class space    used 10314K, committed 11072K, reserved 1048576K
}
Event: 7347.458 GC heap before
{Heap before GC invocations=3793 (full 11):
 PSYoungGen      total 5632K, used 5631K [0x00000000d5580000, 0x00000000d5f80000, 0x0000000100000000)
  eden space 4096K, 99% used [0x00000000d5580000,0x00000000d597fff8,0x00000000d5980000)
  from space 1536K, 100% used [0x00000000d5b80000,0x00000000d5d00000,0x00000000d5d00000)
  to   space 2560K, 0% used [0x00000000d5d00000,0x00000000d5d00000,0x00000000d5f80000)
 ParOldGen       total 599040K, used 598887K [0x0000000080000000, 0x00000000a4900000, 0x00000000d5580000)
  object space 599040K, 99% used [0x0000000080000000,0x00000000a48d9e28,0x00000000a4900000)
 Metaspace       used 102195K, committed 104000K, reserved 1179648K
  class space    used 10314K, committed 11072K, reserved 1048576K
}
Event: 7347.467 GC heap after
{Heap after GC invocations=3793 (full 11):
 PSYoungGen      total 4608K, used 2560K [0x00000000d5580000, 0x00000000d6480000, 0x0000000100000000)
  eden space 2048K, 0% used [0x00000000d5580000,0x00000000d5580000,0x00000000d5780000)
  from space 2560K, 100% used [0x00000000d5d00000,0x00000000d5f80000,0x00000000d5f80000)
  to   space 5632K, 0% used [0x00000000d5780000,0x00000000d5780000,0x00000000d5d00000)
 ParOldGen       total 601600K, used 601173K [0x0000000080000000, 0x00000000a4b80000, 0x00000000d5580000)
  object space 601600K, 99% used [0x0000000080000000,0x00000000a4b155a8,0x00000000a4b80000)
 Metaspace       used 102195K, committed 104000K, reserved 1179648K
  class space    used 10314K, committed 11072K, reserved 1048576K
}
Event: 7347.534 GC heap before
{Heap before GC invocations=3794 (full 11):
 PSYoungGen      total 4608K, used 4608K [0x00000000d5580000, 0x00000000d6480000, 0x0000000100000000)
  eden space 2048K, 100% used [0x00000000d5580000,0x00000000d5780000,0x00000000d5780000)
  from space 2560K, 100% used [0x00000000d5d00000,0x00000000d5f80000,0x00000000d5f80000)
  to   space 5632K, 0% used [0x00000000d5780000,0x00000000d5780000,0x00000000d5d00000)
 ParOldGen       total 601600K, used 601173K [0x0000000080000000, 0x00000000a4b80000, 0x00000000d5580000)
  object space 601600K, 99% used [0x0000000080000000,0x00000000a4b155a8,0x00000000a4b80000)
 Metaspace       used 102195K, committed 104000K, reserved 1179648K
  class space    used 10314K, committed 11072K, reserved 1048576K
}
Event: 7347.545 GC heap after
{Heap after GC invocations=3794 (full 11):
 PSYoungGen      total 4608K, used 4608K [0x00000000d5580000, 0x00000000d6480000, 0x0000000100000000)
  eden space 2048K, 100% used [0x00000000d5580000,0x00000000d5780000,0x00000000d5780000)
  from space 2560K, 100% used [0x00000000d5d00000,0x00000000d5f80000,0x00000000d5f80000)
  to   space 5632K, 30% used [0x00000000d5780000,0x00000000d5929800,0x00000000d5d00000)
 ParOldGen       total 603136K, used 603133K [0x0000000080000000, 0x00000000a4d00000, 0x00000000d5580000)
  object space 603136K, 99% used [0x0000000080000000,0x00000000a4cff5a8,0x00000000a4d00000)
 Metaspace       used 102195K, committed 104000K, reserved 1179648K
  class space    used 10314K, committed 11072K, reserved 1048576K
}
Event: 7347.546 GC heap before
{Heap before GC invocations=3795 (full 12):
 PSYoungGen      total 4608K, used 4608K [0x00000000d5580000, 0x00000000d6480000, 0x0000000100000000)
  eden space 2048K, 100% used [0x00000000d5580000,0x00000000d5780000,0x00000000d5780000)
  from space 2560K, 100% used [0x00000000d5d00000,0x00000000d5f80000,0x00000000d5f80000)
  to   space 5632K, 30% used [0x00000000d5780000,0x00000000d5929800,0x00000000d5d00000)
 ParOldGen       total 603136K, used 603133K [0x0000000080000000, 0x00000000a4d00000, 0x00000000d5580000)
  object space 603136K, 99% used [0x0000000080000000,0x00000000a4cff5a8,0x00000000a4d00000)
 Metaspace       used 102195K, committed 104000K, reserved 1179648K
  class space    used 10314K, committed 11072K, reserved 1048576K
}

